<?xml version="1.0" encoding="UTF-8"?>
<testng-results skipped="0" failed="0" total="1" passed="1">
  <reporter-output>
  </reporter-output>
  <suite name="Default suite" duration-ms="12668" started-at="2020-11-27T05:28:58Z" finished-at="2020-11-27T05:29:10Z">
    <groups>
    </groups>
    <test name="Default test" duration-ms="12668" started-at="2020-11-27T05:28:58Z" finished-at="2020-11-27T05:29:10Z">
      <class name="selenium.MyFirstTestSelenium">
        <test-method status="PASS" signature="startWebDriver()[pri:0, instance:selenium.MyFirstTestSelenium@5025a98f]" name="startWebDriver" duration-ms="12622" started-at="2020-11-27T10:58:58Z" finished-at="2020-11-27T10:59:10Z">
          <reporter-output>
          </reporter-output>
        </test-method> <!-- startWebDriver -->
      </class> <!-- selenium.MyFirstTestSelenium -->
    </test> <!-- Default test -->
  </suite> <!-- Default suite -->
</testng-results>
